<?xml version="1.0" encoding="UTF-8"?>
<testsuite name="Ver informacion de un empleado" tests="3" skipped="0" failures="0" errors="0" timestamp="2023-06-26T16:24:00" hostname="DESKTOP-1MH7BUO" time="335.85">
  <properties/>
  <testcase name="Ver informacion de un empleado" classname="Ver informacion de un empleado" time="114.295"/>
  <testcase name="Ver informacion de un empleado" classname="Ver informacion de un empleado" time="110.799"/>
  <testcase name="Ver informacion de un empleado" classname="Ver informacion de un empleado" time="110.756"/>
  <system-out><![CDATA[Request method:	GET
Request URI:	https://dummy.restapiexample.com/api/v1/employee/1
Proxy:			<none>
Request params:	<none>
Query params:	<none>
Form params:	<none>
Path params:	<none>
Headers:		Accept=*/*
				Content-Type=application/json; charset=UTF-8
Cookies:		<none>
Multiparts:		<none>
Body:			<none>
HTTP/1.1 200 OK
Date: Mon, 26 Jun 2023 16:25:06 GMT
Server: nginx/1.21.6
Content-Type: application/json
Content-Length: 152
Cache-Control: no-cache, private
X-RateLimit-Limit: 60
X-RateLimit-Remaining: 58
Cache-Control: max-age=21600
Expires: Mon, 26 Jun 2023 22:25:06 GMT
Vary: Accept-Encoding
Content-Encoding: gzip
host-header: c2hhcmVkLmJsdWVob3N0LmNvbQ==
X-Endurance-Cache-Level: 2
X-nginx-cache: WordPress
X-Server-Cache: true
X-Proxy-Cache: MISS

{
    "status": "success",
    "data": {
        "id": 1,
        "employee_name": "Tiger Nixon",
        "employee_salary": 320800,
        "employee_age": 61,
        "profile_image": ""
    },
    "message": "Successfully! Record has been fetched."
}
Request method:	GET
Request URI:	https://dummy.restapiexample.com/api/v1/employee/2
Proxy:			<none>
Request params:	<none>
Query params:	<none>
Form params:	<none>
Path params:	<none>
Headers:		Accept=*/*
				Content-Type=application/json; charset=UTF-8
Cookies:		<none>
Multiparts:		<none>
Body:			<none>
HTTP/1.1 200 OK
Date: Mon, 26 Jun 2023 16:26:57 GMT
Server: nginx/1.21.6
Content-Type: application/json
Content-Length: 157
Cache-Control: no-cache, private
X-RateLimit-Limit: 60
X-RateLimit-Remaining: 58
Cache-Control: max-age=21600
Expires: Mon, 26 Jun 2023 22:26:57 GMT
Vary: Accept-Encoding
Content-Encoding: gzip
host-header: c2hhcmVkLmJsdWVob3N0LmNvbQ==
X-Endurance-Cache-Level: 2
X-nginx-cache: WordPress
X-Server-Cache: true
X-Proxy-Cache: MISS

{
    "status": "success",
    "data": {
        "id": 2,
        "employee_name": "Garrett Winters",
        "employee_salary": 170750,
        "employee_age": 63,
        "profile_image": ""
    },
    "message": "Successfully! Record has been fetched."
}
Request method:	GET
Request URI:	https://dummy.restapiexample.com/api/v1/employee/3
Proxy:			<none>
Request params:	<none>
Query params:	<none>
Form params:	<none>
Path params:	<none>
Headers:		Accept=*/*
				Content-Type=application/json; charset=UTF-8
Cookies:		<none>
Multiparts:		<none>
Body:			<none>
HTTP/1.1 200 OK
Date: Mon, 26 Jun 2023 16:28:47 GMT
Server: nginx/1.21.6
Content-Type: application/json
Content-Length: 151
Cache-Control: no-cache, private
X-RateLimit-Limit: 60
X-RateLimit-Remaining: 58
Cache-Control: max-age=21600
Expires: Mon, 26 Jun 2023 22:28:48 GMT
Vary: Accept-Encoding
Content-Encoding: gzip
host-header: c2hhcmVkLmJsdWVob3N0LmNvbQ==
X-Endurance-Cache-Level: 2
X-nginx-cache: WordPress
X-Server-Cache: true
X-Proxy-Cache: MISS

{
    "status": "success",
    "data": {
        "id": 3,
        "employee_name": "Ashton Cox",
        "employee_salary": 86000,
        "employee_age": 66,
        "profile_image": ""
    },
    "message": "Successfully! Record has been fetched."
}
]]></system-out>
  <system-err><![CDATA[jun. 26, 2023 11:25:01 A. M. com.choucair.stepdefinitions.GetEmpleadoStepDefinition queEstoyApuntandoConUnEndpointALaApiGetDeEmpleadoDeRestApiExample
INFORMACIÓN: Inicio de la automatizacion
jun. 26, 2023 11:25:04 A. M. com.choucair.stepdefinitions.GetEmpleadoStepDefinition reciboUnDeRespuesta
INFORMACIÓN: Inician los asserts
jun. 26, 2023 11:26:54 A. M. com.choucair.stepdefinitions.GetEmpleadoStepDefinition queEstoyApuntandoConUnEndpointALaApiGetDeEmpleadoDeRestApiExample
INFORMACIÓN: Inicio de la automatizacion
jun. 26, 2023 11:26:55 A. M. com.choucair.stepdefinitions.GetEmpleadoStepDefinition reciboUnDeRespuesta
INFORMACIÓN: Inician los asserts
jun. 26, 2023 11:28:45 A. M. com.choucair.stepdefinitions.GetEmpleadoStepDefinition queEstoyApuntandoConUnEndpointALaApiGetDeEmpleadoDeRestApiExample
INFORMACIÓN: Inicio de la automatizacion
jun. 26, 2023 11:28:46 A. M. com.choucair.stepdefinitions.GetEmpleadoStepDefinition reciboUnDeRespuesta
INFORMACIÓN: Inician los asserts
]]></system-err>
</testsuite>
